[2017-07-13 23:08:27] local.ERROR: InvalidArgumentException: Please provide a valid cache path. in /home/vagrant/Code/evgfiles.com/vendor/laravel/framework/src/Illuminate/View/Compilers/Compiler.php:36
Stack trace:
#0 /home/vagrant/Code/evgfiles.com/vendor/laravel/framework/src/Illuminate/View/ViewServiceProvider.php(128): Illuminate\View\Compilers\Compiler->__construct(Object(Illuminate\Filesystem\Filesystem), false)
#1 /home/vagrant/Code/evgfiles.com/vendor/laravel/framework/src/Illuminate/Container/Container.php(718): Illuminate\View\ViewServiceProvider->Illuminate\View\{closure}(Object(Illuminate\Foundation\Application), Array)
#2 /home/vagrant/Code/evgfiles.com/vendor/laravel/framework/src/Illuminate/Container/Container.php(600): Illuminate\Container\Container->build(Object(Closure))
#3 /home/vagrant/Code/evgfiles.com/vendor/laravel/framework/src/Illuminate/Container/Container.php(567): Illuminate\Container\Container->resolve('blade.compiler')
#4 /home/vagrant/Code/evgfiles.com/vendor/laravel/framework/src/Illuminate/Foundation/Application.php(708): Illuminate\Container\Container->make('blade.compiler')
#5 /home/vagrant/Code/evgfiles.com/vendor/laravel/framework/src/Illuminate/Container/Container.php(1153): Illuminate\Foundation\Application->make('blade.compiler')
#6 /home/vagrant/Code/evgfiles.com/vendor/laravel/framework/src/Illuminate/View/ViewServiceProvider.php(133): Illuminate\Container\Container->offsetGet('blade.compiler')
#7 [internal function]: Illuminate\View\ViewServiceProvider->Illuminate\View\{closure}()
#8 /home/vagrant/Code/evgfiles.com/vendor/laravel/framework/src/Illuminate/View/Engines/EngineResolver.php(54): call_user_func(Object(Closure))
#9 /home/vagrant/Code/evgfiles.com/vendor/laravel/framework/src/Illuminate/View/Factory.php(263): Illuminate\View\Engines\EngineResolver->resolve('blade')
#10 /home/vagrant/Code/evgfiles.com/vendor/laravel/framework/src/Illuminate/View/Factory.php(227): Illuminate\View\Factory->getEngineFromPath('/home/vagrant/C...')
#11 /home/vagrant/Code/evgfiles.com/vendor/laravel/framework/src/Illuminate/View/Factory.php(136): Illuminate\View\Factory->viewInstance('video.list', '/home/vagrant/C...', Array)
#12 /home/vagrant/Code/evgfiles.com/vendor/laravel/framework/src/Illuminate/Foundation/helpers.php(921): Illuminate\View\Factory->make('video.list', Array, Array)
#13 /home/vagrant/Code/evgfiles.com/app/Http/Controllers/FileController.php(21): view('video.list')
#14 [internal function]: App\Http\Controllers\FileController->list()
#15 /home/vagrant/Code/evgfiles.com/vendor/laravel/framework/src/Illuminate/Routing/Controller.php(55): call_user_func_array(Array, Array)
#16 /home/vagrant/Code/evgfiles.com/vendor/laravel/framework/src/Illuminate/Routing/ControllerDispatcher.php(44): Illuminate\Routing\Controller->callAction('list', Array)
#17 /home/vagrant/Code/evgfiles.com/vendor/laravel/framework/src/Illuminate/Routing/Route.php(203): Illuminate\Routing\ControllerDispatcher->dispatch(Object(Illuminate\Routing\Route), Object(App\Http\Controllers\FileController), 'list')
#18 /home/vagrant/Code/evgfiles.com/vendor/laravel/framework/src/Illuminate/Routing/Route.php(160): Illuminate\Routing\Route->runController()
#19 /home/vagrant/Code/evgfiles.com/vendor/laravel/framework/src/Illuminate/Routing/Router.php(559): Illuminate\Routing\Route->run()
#20 /home/vagrant/Code/evgfiles.com/vendor/laravel/framework/src/Illuminate/Routing/Pipeline.php(30): Illuminate\Routing\Router->Illuminate\Routing\{closure}(Object(Illuminate\Http\Request))
#21 /home/vagrant/Code/evgfiles.com/vendor/laravel/framework/src/Illuminate/Routing/Middleware/SubstituteBindings.php(41): Illuminate\Routing\Pipeline->Illuminate\Routing\{closure}(Object(Illuminate\Http\Request))
#22 /home/vagrant/Code/evgfiles.com/vendor/laravel/framework/src/Illuminate/Pipeline/Pipeline.php(148): Illuminate\Routing\Middleware\SubstituteBindings->handle(Object(Illuminate\Http\Request), Object(Closure))
#23 /home/vagrant/Code/evgfiles.com/vendor/laravel/framework/src/Illuminate/Routing/Pipeline.php(53): Illuminate\Pipeline\Pipeline->Illuminate\Pipeline\{closure}(Object(Illuminate\Http\Request))
#24 /home/vagrant/Code/evgfiles.com/vendor/laravel/framework/src/Illuminate/Foundation/Http/Middleware/VerifyCsrfToken.php(65): Illuminate\Routing\Pipeline->Illuminate\Routing\{closure}(Object(Illuminate\Http\Request))
#25 /home/vagrant/Code/evgfiles.com/vendor/laravel/framework/src/Illuminate/Pipeline/Pipeline.php(148): Illuminate\Foundation\Http\Middleware\VerifyCsrfToken->handle(Object(Illuminate\Http\Request), Object(Closure))
#26 /home/vagrant/Code/evgfiles.com/vendor/laravel/framework/src/Illuminate/Routing/Pipeline.php(53): Illuminate\Pipeline\Pipeline->Illuminate\Pipeline\{closure}(Object(Illuminate\Http\Request))
#27 /home/vagrant/Code/evgfiles.com/vendor/laravel/framework/src/Illuminate/View/Middleware/ShareErrorsFromSession.php(49): Illuminate\Routing\Pipeline->Illuminate\Routing\{closure}(Object(Illuminate\Http\Request))
#28 /home/vagrant/Code/evgfiles.com/vendor/laravel/framework/src/Illuminate/Pipeline/Pipeline.php(148): Illuminate\View\Middleware\ShareErrorsFromSession->handle(Object(Illuminate\Http\Request), Object(Closure))
#29 /home/vagrant/Code/evgfiles.com/vendor/laravel/framework/src/Illuminate/Routing/Pipeline.php(53): Illuminate\Pipeline\Pipeline->Illuminate\Pipeline\{closure}(Object(Illuminate\Http\Request))
#30 /home/vagrant/Code/evgfiles.com/vendor/laravel/framework/src/Illuminate/Session/Middleware/StartSession.php(64): Illuminate\Routing\Pipeline->Illuminate\Routing\{closure}(Object(Illuminate\Http\Request))
#31 /home/vagrant/Code/evgfiles.com/vendor/laravel/framework/src/Illuminate/Pipeline/Pipeline.php(148): Illuminate\Session\Middleware\StartSession->handle(Object(Illuminate\Http\Request), Object(Closure))
#32 /home/vagrant/Code/evgfiles.com/vendor/laravel/framework/src/Illuminate/Routing/Pipeline.php(53): Illuminate\Pipeline\Pipeline->Illuminate\Pipeline\{closure}(Object(Illuminate\Http\Request))
#33 /home/vagrant/Code/evgfiles.com/vendor/laravel/framework/src/Illuminate/Cookie/Middleware/AddQueuedCookiesToResponse.php(37): Illuminate\Routing\Pipeline->Illuminate\Routing\{closure}(Object(Illuminate\Http\Request))
#34 /home/vagrant/Code/evgfiles.com/vendor/laravel/framework/src/Illuminate/Pipeline/Pipeline.php(148): Illuminate\Cookie\Middleware\AddQueuedCookiesToResponse->handle(Object(Illuminate\Http\Request), Object(Closure))
#35 /home/vagrant/Code/evgfiles.com/vendor/laravel/framework/src/Illuminate/Routing/Pipeline.php(53): Illuminate\Pipeline\Pipeline->Illuminate\Pipeline\{closure}(Object(Illuminate\Http\Request))
#36 /home/vagrant/Code/evgfiles.com/vendor/laravel/framework/src/Illuminate/Cookie/Middleware/EncryptCookies.php(59): Illuminate\Routing\Pipeline->Illuminate\Routing\{closure}(Object(Illuminate\Http\Request))
#37 /home/vagrant/Code/evgfiles.com/vendor/laravel/framework/src/Illuminate/Pipeline/Pipeline.php(148): Illuminate\Cookie\Middleware\EncryptCookies->handle(Object(Illuminate\Http\Request), Object(Closure))
#38 /home/vagrant/Code/evgfiles.com/vendor/laravel/framework/src/Illuminate/Routing/Pipeline.php(53): Illuminate\Pipeline\Pipeline->Illuminate\Pipeline\{closure}(Object(Illuminate\Http\Request))
#39 /home/vagrant/Code/evgfiles.com/vendor/laravel/framework/src/Illuminate/Pipeline/Pipeline.php(102): Illuminate\Routing\Pipeline->Illuminate\Routing\{closure}(Object(Illuminate\Http\Request))
#40 /home/vagrant/Code/evgfiles.com/vendor/laravel/framework/src/Illuminate/Routing/Router.php(561): Illuminate\Pipeline\Pipeline->then(Object(Closure))
#41 /home/vagrant/Code/evgfiles.com/vendor/laravel/framework/src/Illuminate/Routing/Router.php(520): Illuminate\Routing\Router->runRouteWithinStack(Object(Illuminate\Routing\Route), Object(Illuminate\Http\Request))
#42 /home/vagrant/Code/evgfiles.com/vendor/laravel/framework/src/Illuminate/Routing/Router.php(498): Illuminate\Routing\Router->dispatchToRoute(Object(Illuminate\Http\Request))
#43 /home/vagrant/Code/evgfiles.com/vendor/laravel/framework/src/Illuminate/Foundation/Http/Kernel.php(174): Illuminate\Routing\Router->dispatch(Object(Illuminate\Http\Request))
#44 /home/vagrant/Code/evgfiles.com/vendor/laravel/framework/src/Illuminate/Routing/Pipeline.php(30): Illuminate\Foundation\Http\Kernel->Illuminate\Foundation\Http\{closure}(Object(Illuminate\Http\Request))
#45 /home/vagrant/Code/evgfiles.com/vendor/laravel/framework/src/Illuminate/Foundation/Http/Middleware/TransformsRequest.php(30): Illuminate\Routing\Pipeline->Illuminate\Routing\{closure}(Object(Illuminate\Http\Request))
#46 /home/vagrant/Code/evgfiles.com/vendor/laravel/framework/src/Illuminate/Pipeline/Pipeline.php(148): Illuminate\Foundation\Http\Middleware\TransformsRequest->handle(Object(Illuminate\Http\Request), Object(Closure))
#47 /home/vagrant/Code/evgfiles.com/vendor/laravel/framework/src/Illuminate/Routing/Pipeline.php(53): Illuminate\Pipeline\Pipeline->Illuminate\Pipeline\{closure}(Object(Illuminate\Http\Request))
#48 /home/vagrant/Code/evgfiles.com/vendor/laravel/framework/src/Illuminate/Foundation/Http/Middleware/TransformsRequest.php(30): Illuminate\Routing\Pipeline->Illuminate\Routing\{closure}(Object(Illuminate\Http\Request))
#49 /home/vagrant/Code/evgfiles.com/vendor/laravel/framework/src/Illuminate/Pipeline/Pipeline.php(148): Illuminate\Foundation\Http\Middleware\TransformsRequest->handle(Object(Illuminate\Http\Request), Object(Closure))
#50 /home/vagrant/Code/evgfiles.com/vendor/laravel/framework/src/Illuminate/Routing/Pipeline.php(53): Illuminate\Pipeline\Pipeline->Illuminate\Pipeline\{closure}(Object(Illuminate\Http\Request))
#51 /home/vagrant/Code/evgfiles.com/vendor/laravel/framework/src/Illuminate/Foundation/Http/Middleware/ValidatePostSize.php(27): Illuminate\Routing\Pipeline->Illuminate\Routing\{closure}(Object(Illuminate\Http\Request))
#52 /home/vagrant/Code/evgfiles.com/vendor/laravel/framework/src/Illuminate/Pipeline/Pipeline.php(148): Illuminate\Foundation\Http\Middleware\ValidatePostSize->handle(Object(Illuminate\Http\Request), Object(Closure))
#53 /home/vagrant/Code/evgfiles.com/vendor/laravel/framework/src/Illuminate/Routing/Pipeline.php(53): Illuminate\Pipeline\Pipeline->Illuminate\Pipeline\{closure}(Object(Illuminate\Http\Request))
#54 /home/vagrant/Code/evgfiles.com/vendor/laravel/framework/src/Illuminate/Foundation/Http/Middleware/CheckForMaintenanceMode.php(46): Illuminate\Routing\Pipeline->Illuminate\Routing\{closure}(Object(Illuminate\Http\Request))
#55 /home/vagrant/Code/evgfiles.com/vendor/laravel/framework/src/Illuminate/Pipeline/Pipeline.php(148): Illuminate\Foundation\Http\Middleware\CheckForMaintenanceMode->handle(Object(Illuminate\Http\Request), Object(Closure))
#56 /home/vagrant/Code/evgfiles.com/vendor/laravel/framework/src/Illuminate/Routing/Pipeline.php(53): Illuminate\Pipeline\Pipeline->Illuminate\Pipeline\{closure}(Object(Illuminate\Http\Request))
#57 /home/vagrant/Code/evgfiles.com/vendor/laravel/framework/src/Illuminate/Pipeline/Pipeline.php(102): Illuminate\Routing\Pipeline->Illuminate\Routing\{closure}(Object(Illuminate\Http\Request))
#58 /home/vagrant/Code/evgfiles.com/vendor/laravel/framework/src/Illuminate/Foundation/Http/Kernel.php(149): Illuminate\Pipeline\Pipeline->then(Object(Closure))
#59 /home/vagrant/Code/evgfiles.com/vendor/laravel/framework/src/Illuminate/Foundation/Http/Kernel.php(116): Illuminate\Foundation\Http\Kernel->sendRequestThroughRouter(Object(Illuminate\Http\Request))
#60 /home/vagrant/Code/evgfiles.com/public/index.php(53): Illuminate\Foundation\Http\Kernel->handle(Object(Illuminate\Http\Request))
#61 {main}  
[2017-07-13 23:08:27] local.ERROR: ErrorException: file_put_contents(/home/vagrant/Code/evgfiles.com/storage/framework/sessions/6XSi4ZxJrdpPYEXG43hdzLUOPIPX2I4CqxldUDXA): failed to open stream: No such file or directory in /home/vagrant/Code/evgfiles.com/vendor/laravel/framework/src/Illuminate/Filesystem/Filesystem.php:111
Stack trace:
#0 [internal function]: Illuminate\Foundation\Bootstrap\HandleExceptions->handleError(2, 'file_put_conten...', '/home/vagrant/C...', 111, Array)
#1 /home/vagrant/Code/evgfiles.com/vendor/laravel/framework/src/Illuminate/Filesystem/Filesystem.php(111): file_put_contents('/home/vagrant/C...', 'a:3:{s:6:"_toke...', 2)
#2 /home/vagrant/Code/evgfiles.com/vendor/laravel/framework/src/Illuminate/Session/FileSessionHandler.php(83): Illuminate\Filesystem\Filesystem->put('/home/vagrant/C...', 'a:3:{s:6:"_toke...', true)
#3 /home/vagrant/Code/evgfiles.com/vendor/laravel/framework/src/Illuminate/Session/Store.php(128): Illuminate\Session\FileSessionHandler->write('6XSi4ZxJrdpPYEX...', 'a:3:{s:6:"_toke...')
#4 /home/vagrant/Code/evgfiles.com/vendor/laravel/framework/src/Illuminate/Session/Middleware/StartSession.php(88): Illuminate\Session\Store->save()
#5 /home/vagrant/Code/evgfiles.com/vendor/laravel/framework/src/Illuminate/Foundation/Http/Kernel.php(216): Illuminate\Session\Middleware\StartSession->terminate(Object(Illuminate\Http\Request), Object(Illuminate\Http\Response))
#6 /home/vagrant/Code/evgfiles.com/vendor/laravel/framework/src/Illuminate/Foundation/Http/Kernel.php(187): Illuminate\Foundation\Http\Kernel->terminateMiddleware(Object(Illuminate\Http\Request), Object(Illuminate\Http\Response))
#7 /home/vagrant/Code/evgfiles.com/public/index.php(58): Illuminate\Foundation\Http\Kernel->terminate(Object(Illuminate\Http\Request), Object(Illuminate\Http\Response))
#8 {main}  
[2017-07-13 23:08:36] local.ERROR: InvalidArgumentException: Please provide a valid cache path. in /home/vagrant/Code/evgfiles.com/vendor/laravel/framework/src/Illuminate/View/Compilers/Compiler.php:36
Stack trace:
#0 /home/vagrant/Code/evgfiles.com/vendor/laravel/framework/src/Illuminate/View/ViewServiceProvider.php(128): Illuminate\View\Compilers\Compiler->__construct(Object(Illuminate\Filesystem\Filesystem), false)
#1 /home/vagrant/Code/evgfiles.com/vendor/laravel/framework/src/Illuminate/Container/Container.php(718): Illuminate\View\ViewServiceProvider->Illuminate\View\{closure}(Object(Illuminate\Foundation\Application), Array)
#2 /home/vagrant/Code/evgfiles.com/vendor/laravel/framework/src/Illuminate/Container/Container.php(600): Illuminate\Container\Container->build(Object(Closure))
#3 /home/vagrant/Code/evgfiles.com/vendor/laravel/framework/src/Illuminate/Container/Container.php(567): Illuminate\Container\Container->resolve('blade.compiler')
#4 /home/vagrant/Code/evgfiles.com/vendor/laravel/framework/src/Illuminate/Foundation/Application.php(708): Illuminate\Container\Container->make('blade.compiler')
#5 /home/vagrant/Code/evgfiles.com/vendor/laravel/framework/src/Illuminate/Container/Container.php(1153): Illuminate\Foundation\Application->make('blade.compiler')
#6 /home/vagrant/Code/evgfiles.com/vendor/laravel/framework/src/Illuminate/View/ViewServiceProvider.php(133): Illuminate\Container\Container->offsetGet('blade.compiler')
#7 [internal function]: Illuminate\View\ViewServiceProvider->Illuminate\View\{closure}()
#8 /home/vagrant/Code/evgfiles.com/vendor/laravel/framework/src/Illuminate/View/Engines/EngineResolver.php(54): call_user_func(Object(Closure))
#9 /home/vagrant/Code/evgfiles.com/vendor/laravel/framework/src/Illuminate/View/Factory.php(263): Illuminate\View\Engines\EngineResolver->resolve('blade')
#10 /home/vagrant/Code/evgfiles.com/vendor/laravel/framework/src/Illuminate/View/Factory.php(227): Illuminate\View\Factory->getEngineFromPath('/home/vagrant/C...')
#11 /home/vagrant/Code/evgfiles.com/vendor/laravel/framework/src/Illuminate/View/Factory.php(136): Illuminate\View\Factory->viewInstance('video.list', '/home/vagrant/C...', Array)
#12 /home/vagrant/Code/evgfiles.com/vendor/laravel/framework/src/Illuminate/Foundation/helpers.php(921): Illuminate\View\Factory->make('video.list', Array, Array)
#13 /home/vagrant/Code/evgfiles.com/app/Http/Controllers/FileController.php(21): view('video.list')
#14 [internal function]: App\Http\Controllers\FileController->list()
#15 /home/vagrant/Code/evgfiles.com/vendor/laravel/framework/src/Illuminate/Routing/Controller.php(55): call_user_func_array(Array, Array)
#16 /home/vagrant/Code/evgfiles.com/vendor/laravel/framework/src/Illuminate/Routing/ControllerDispatcher.php(44): Illuminate\Routing\Controller->callAction('list', Array)
#17 /home/vagrant/Code/evgfiles.com/vendor/laravel/framework/src/Illuminate/Routing/Route.php(203): Illuminate\Routing\ControllerDispatcher->dispatch(Object(Illuminate\Routing\Route), Object(App\Http\Controllers\FileController), 'list')
#18 /home/vagrant/Code/evgfiles.com/vendor/laravel/framework/src/Illuminate/Routing/Route.php(160): Illuminate\Routing\Route->runController()
#19 /home/vagrant/Code/evgfiles.com/vendor/laravel/framework/src/Illuminate/Routing/Router.php(559): Illuminate\Routing\Route->run()
#20 /home/vagrant/Code/evgfiles.com/vendor/laravel/framework/src/Illuminate/Routing/Pipeline.php(30): Illuminate\Routing\Router->Illuminate\Routing\{closure}(Object(Illuminate\Http\Request))
#21 /home/vagrant/Code/evgfiles.com/vendor/laravel/framework/src/Illuminate/Routing/Middleware/SubstituteBindings.php(41): Illuminate\Routing\Pipeline->Illuminate\Routing\{closure}(Object(Illuminate\Http\Request))
#22 /home/vagrant/Code/evgfiles.com/vendor/laravel/framework/src/Illuminate/Pipeline/Pipeline.php(148): Illuminate\Routing\Middleware\SubstituteBindings->handle(Object(Illuminate\Http\Request), Object(Closure))
#23 /home/vagrant/Code/evgfiles.com/vendor/laravel/framework/src/Illuminate/Routing/Pipeline.php(53): Illuminate\Pipeline\Pipeline->Illuminate\Pipeline\{closure}(Object(Illuminate\Http\Request))
#24 /home/vagrant/Code/evgfiles.com/vendor/laravel/framework/src/Illuminate/Foundation/Http/Middleware/VerifyCsrfToken.php(65): Illuminate\Routing\Pipeline->Illuminate\Routing\{closure}(Object(Illuminate\Http\Request))
#25 /home/vagrant/Code/evgfiles.com/vendor/laravel/framework/src/Illuminate/Pipeline/Pipeline.php(148): Illuminate\Foundation\Http\Middleware\VerifyCsrfToken->handle(Object(Illuminate\Http\Request), Object(Closure))
#26 /home/vagrant/Code/evgfiles.com/vendor/laravel/framework/src/Illuminate/Routing/Pipeline.php(53): Illuminate\Pipeline\Pipeline->Illuminate\Pipeline\{closure}(Object(Illuminate\Http\Request))
#27 /home/vagrant/Code/evgfiles.com/vendor/laravel/framework/src/Illuminate/View/Middleware/ShareErrorsFromSession.php(49): Illuminate\Routing\Pipeline->Illuminate\Routing\{closure}(Object(Illuminate\Http\Request))
#28 /home/vagrant/Code/evgfiles.com/vendor/laravel/framework/src/Illuminate/Pipeline/Pipeline.php(148): Illuminate\View\Middleware\ShareErrorsFromSession->handle(Object(Illuminate\Http\Request), Object(Closure))
#29 /home/vagrant/Code/evgfiles.com/vendor/laravel/framework/src/Illuminate/Routing/Pipeline.php(53): Illuminate\Pipeline\Pipeline->Illuminate\Pipeline\{closure}(Object(Illuminate\Http\Request))
#30 /home/vagrant/Code/evgfiles.com/vendor/laravel/framework/src/Illuminate/Session/Middleware/StartSession.php(64): Illuminate\Routing\Pipeline->Illuminate\Routing\{closure}(Object(Illuminate\Http\Request))
#31 /home/vagrant/Code/evgfiles.com/vendor/laravel/framework/src/Illuminate/Pipeline/Pipeline.php(148): Illuminate\Session\Middleware\StartSession->handle(Object(Illuminate\Http\Request), Object(Closure))
#32 /home/vagrant/Code/evgfiles.com/vendor/laravel/framework/src/Illuminate/Routing/Pipeline.php(53): Illuminate\Pipeline\Pipeline->Illuminate\Pipeline\{closure}(Object(Illuminate\Http\Request))
#33 /home/vagrant/Code/evgfiles.com/vendor/laravel/framework/src/Illuminate/Cookie/Middleware/AddQueuedCookiesToResponse.php(37): Illuminate\Routing\Pipeline->Illuminate\Routing\{closure}(Object(Illuminate\Http\Request))
#34 /home/vagrant/Code/evgfiles.com/vendor/laravel/framework/src/Illuminate/Pipeline/Pipeline.php(148): Illuminate\Cookie\Middleware\AddQueuedCookiesToResponse->handle(Object(Illuminate\Http\Request), Object(Closure))
#35 /home/vagrant/Code/evgfiles.com/vendor/laravel/framework/src/Illuminate/Routing/Pipeline.php(53): Illuminate\Pipeline\Pipeline->Illuminate\Pipeline\{closure}(Object(Illuminate\Http\Request))
#36 /home/vagrant/Code/evgfiles.com/vendor/laravel/framework/src/Illuminate/Cookie/Middleware/EncryptCookies.php(59): Illuminate\Routing\Pipeline->Illuminate\Routing\{closure}(Object(Illuminate\Http\Request))
#37 /home/vagrant/Code/evgfiles.com/vendor/laravel/framework/src/Illuminate/Pipeline/Pipeline.php(148): Illuminate\Cookie\Middleware\EncryptCookies->handle(Object(Illuminate\Http\Request), Object(Closure))
#38 /home/vagrant/Code/evgfiles.com/vendor/laravel/framework/src/Illuminate/Routing/Pipeline.php(53): Illuminate\Pipeline\Pipeline->Illuminate\Pipeline\{closure}(Object(Illuminate\Http\Request))
#39 /home/vagrant/Code/evgfiles.com/vendor/laravel/framework/src/Illuminate/Pipeline/Pipeline.php(102): Illuminate\Routing\Pipeline->Illuminate\Routing\{closure}(Object(Illuminate\Http\Request))
#40 /home/vagrant/Code/evgfiles.com/vendor/laravel/framework/src/Illuminate/Routing/Router.php(561): Illuminate\Pipeline\Pipeline->then(Object(Closure))
#41 /home/vagrant/Code/evgfiles.com/vendor/laravel/framework/src/Illuminate/Routing/Router.php(520): Illuminate\Routing\Router->runRouteWithinStack(Object(Illuminate\Routing\Route), Object(Illuminate\Http\Request))
#42 /home/vagrant/Code/evgfiles.com/vendor/laravel/framework/src/Illuminate/Routing/Router.php(498): Illuminate\Routing\Router->dispatchToRoute(Object(Illuminate\Http\Request))
#43 /home/vagrant/Code/evgfiles.com/vendor/laravel/framework/src/Illuminate/Foundation/Http/Kernel.php(174): Illuminate\Routing\Router->dispatch(Object(Illuminate\Http\Request))
#44 /home/vagrant/Code/evgfiles.com/vendor/laravel/framework/src/Illuminate/Routing/Pipeline.php(30): Illuminate\Foundation\Http\Kernel->Illuminate\Foundation\Http\{closure}(Object(Illuminate\Http\Request))
#45 /home/vagrant/Code/evgfiles.com/vendor/laravel/framework/src/Illuminate/Foundation/Http/Middleware/TransformsRequest.php(30): Illuminate\Routing\Pipeline->Illuminate\Routing\{closure}(Object(Illuminate\Http\Request))
#46 /home/vagrant/Code/evgfiles.com/vendor/laravel/framework/src/Illuminate/Pipeline/Pipeline.php(148): Illuminate\Foundation\Http\Middleware\TransformsRequest->handle(Object(Illuminate\Http\Request), Object(Closure))
#47 /home/vagrant/Code/evgfiles.com/vendor/laravel/framework/src/Illuminate/Routing/Pipeline.php(53): Illuminate\Pipeline\Pipeline->Illuminate\Pipeline\{closure}(Object(Illuminate\Http\Request))
#48 /home/vagrant/Code/evgfiles.com/vendor/laravel/framework/src/Illuminate/Foundation/Http/Middleware/TransformsRequest.php(30): Illuminate\Routing\Pipeline->Illuminate\Routing\{closure}(Object(Illuminate\Http\Request))
#49 /home/vagrant/Code/evgfiles.com/vendor/laravel/framework/src/Illuminate/Pipeline/Pipeline.php(148): Illuminate\Foundation\Http\Middleware\TransformsRequest->handle(Object(Illuminate\Http\Request), Object(Closure))
#50 /home/vagrant/Code/evgfiles.com/vendor/laravel/framework/src/Illuminate/Routing/Pipeline.php(53): Illuminate\Pipeline\Pipeline->Illuminate\Pipeline\{closure}(Object(Illuminate\Http\Request))
#51 /home/vagrant/Code/evgfiles.com/vendor/laravel/framework/src/Illuminate/Foundation/Http/Middleware/ValidatePostSize.php(27): Illuminate\Routing\Pipeline->Illuminate\Routing\{closure}(Object(Illuminate\Http\Request))
#52 /home/vagrant/Code/evgfiles.com/vendor/laravel/framework/src/Illuminate/Pipeline/Pipeline.php(148): Illuminate\Foundation\Http\Middleware\ValidatePostSize->handle(Object(Illuminate\Http\Request), Object(Closure))
#53 /home/vagrant/Code/evgfiles.com/vendor/laravel/framework/src/Illuminate/Routing/Pipeline.php(53): Illuminate\Pipeline\Pipeline->Illuminate\Pipeline\{closure}(Object(Illuminate\Http\Request))
#54 /home/vagrant/Code/evgfiles.com/vendor/laravel/framework/src/Illuminate/Foundation/Http/Middleware/CheckForMaintenanceMode.php(46): Illuminate\Routing\Pipeline->Illuminate\Routing\{closure}(Object(Illuminate\Http\Request))
#55 /home/vagrant/Code/evgfiles.com/vendor/laravel/framework/src/Illuminate/Pipeline/Pipeline.php(148): Illuminate\Foundation\Http\Middleware\CheckForMaintenanceMode->handle(Object(Illuminate\Http\Request), Object(Closure))
#56 /home/vagrant/Code/evgfiles.com/vendor/laravel/framework/src/Illuminate/Routing/Pipeline.php(53): Illuminate\Pipeline\Pipeline->Illuminate\Pipeline\{closure}(Object(Illuminate\Http\Request))
#57 /home/vagrant/Code/evgfiles.com/vendor/laravel/framework/src/Illuminate/Pipeline/Pipeline.php(102): Illuminate\Routing\Pipeline->Illuminate\Routing\{closure}(Object(Illuminate\Http\Request))
#58 /home/vagrant/Code/evgfiles.com/vendor/laravel/framework/src/Illuminate/Foundation/Http/Kernel.php(149): Illuminate\Pipeline\Pipeline->then(Object(Closure))
#59 /home/vagrant/Code/evgfiles.com/vendor/laravel/framework/src/Illuminate/Foundation/Http/Kernel.php(116): Illuminate\Foundation\Http\Kernel->sendRequestThroughRouter(Object(Illuminate\Http\Request))
#60 /home/vagrant/Code/evgfiles.com/public/index.php(53): Illuminate\Foundation\Http\Kernel->handle(Object(Illuminate\Http\Request))
#61 {main}  
[2017-07-13 23:08:36] local.ERROR: ErrorException: file_put_contents(/home/vagrant/Code/evgfiles.com/storage/framework/sessions/6XSi4ZxJrdpPYEXG43hdzLUOPIPX2I4CqxldUDXA): failed to open stream: No such file or directory in /home/vagrant/Code/evgfiles.com/vendor/laravel/framework/src/Illuminate/Filesystem/Filesystem.php:111
Stack trace:
#0 [internal function]: Illuminate\Foundation\Bootstrap\HandleExceptions->handleError(2, 'file_put_conten...', '/home/vagrant/C...', 111, Array)
#1 /home/vagrant/Code/evgfiles.com/vendor/laravel/framework/src/Illuminate/Filesystem/Filesystem.php(111): file_put_contents('/home/vagrant/C...', 'a:3:{s:6:"_toke...', 2)
#2 /home/vagrant/Code/evgfiles.com/vendor/laravel/framework/src/Illuminate/Session/FileSessionHandler.php(83): Illuminate\Filesystem\Filesystem->put('/home/vagrant/C...', 'a:3:{s:6:"_toke...', true)
#3 /home/vagrant/Code/evgfiles.com/vendor/laravel/framework/src/Illuminate/Session/Store.php(128): Illuminate\Session\FileSessionHandler->write('6XSi4ZxJrdpPYEX...', 'a:3:{s:6:"_toke...')
#4 /home/vagrant/Code/evgfiles.com/vendor/laravel/framework/src/Illuminate/Session/Middleware/StartSession.php(88): Illuminate\Session\Store->save()
#5 /home/vagrant/Code/evgfiles.com/vendor/laravel/framework/src/Illuminate/Foundation/Http/Kernel.php(216): Illuminate\Session\Middleware\StartSession->terminate(Object(Illuminate\Http\Request), Object(Illuminate\Http\Response))
#6 /home/vagrant/Code/evgfiles.com/vendor/laravel/framework/src/Illuminate/Foundation/Http/Kernel.php(187): Illuminate\Foundation\Http\Kernel->terminateMiddleware(Object(Illuminate\Http\Request), Object(Illuminate\Http\Response))
#7 /home/vagrant/Code/evgfiles.com/public/index.php(58): Illuminate\Foundation\Http\Kernel->terminate(Object(Illuminate\Http\Request), Object(Illuminate\Http\Response))
#8 {main}  
